13 Mar 2025 15:00:38,856 INFO  CarsDBRepository 19 <init> - Initializing CarsDBRepository with properties: {jdbc.url=jdbc:sqlite:C:FACCANUL2SEM2MPP	eme-lab-BucurVicParfum.db} 
13 Mar 2025 15:00:38,874 TRACE CarsDBRepository 37 add - Enter saving task Id=0 Tesla Model S 2019
13 Mar 2025 15:00:38,874 TRACE JdbcUtils 46 getConnection - Enter
13 Mar 2025 15:00:38,875 TRACE JdbcUtils 23 getNewConnection - Enter
13 Mar 2025 15:00:38,875 INFO  JdbcUtils 28 getNewConnection - trying to connect to database ... jdbc:sqlite:C:FACCANUL2SEM2MPP	eme-lab-BucurVicParfum.db
13 Mar 2025 15:00:38,876 INFO  JdbcUtils 29 getNewConnection - user: null
13 Mar 2025 15:00:38,876 INFO  JdbcUtils 30 getNewConnection - pass: null
13 Mar 2025 15:00:38,904 ERROR JdbcUtils 39 getNewConnection - java.sql.SQLException: opening db: 'C:FACCANUL2SEM2MPP	eme-lab-BucurVicParfum.db': The filename, directory name, or volume label syntax is incorrect
13 Mar 2025 15:00:38,907 TRACE JdbcUtils 55 getConnection - Exit
13 Mar 2025 15:02:59,313 INFO  CarsDBRepository 19 <init> - Initializing CarsDBRepository with properties: {jdbc.url=jdbc:sqlite:C:FACCANUL2SEM2MPP	eme-lab-BucurVicParfum.db} 
13 Mar 2025 15:02:59,340 TRACE CarsDBRepository 37 add - Enter saving task Id=0 Tesla Model S 2019
13 Mar 2025 15:02:59,341 TRACE JdbcUtils 46 getConnection - Enter
13 Mar 2025 15:02:59,341 TRACE JdbcUtils 23 getNewConnection - Enter
13 Mar 2025 15:02:59,341 INFO  JdbcUtils 28 getNewConnection - trying to connect to database ... jdbc:sqlite:C:FACCANUL2SEM2MPP	eme-lab-BucurVicParfum.db
13 Mar 2025 15:02:59,342 INFO  JdbcUtils 29 getNewConnection - user: null
13 Mar 2025 15:02:59,343 INFO  JdbcUtils 30 getNewConnection - pass: null
13 Mar 2025 15:02:59,370 ERROR JdbcUtils 39 getNewConnection - java.sql.SQLException: opening db: 'C:FACCANUL2SEM2MPP	eme-lab-BucurVicParfum.db': The filename, directory name, or volume label syntax is incorrect
13 Mar 2025 15:02:59,372 TRACE JdbcUtils 55 getConnection - Exit
13 Mar 2025 15:04:09,753 INFO  CarsDBRepository 19 <init> - Initializing CarsDBRepository with properties: {jdbc.url=jdbc:sqlite:C:FACCANUL2SEM2MPP	eme-lab-BucurVicParfum.db} 
13 Mar 2025 15:04:09,776 TRACE CarsDBRepository 37 add - Enter saving task Id=0 Tesla Model S 2019
13 Mar 2025 15:04:09,776 TRACE JdbcUtils 46 getConnection - Enter
13 Mar 2025 15:04:09,776 TRACE JdbcUtils 23 getNewConnection - Enter
13 Mar 2025 15:04:09,777 INFO  JdbcUtils 28 getNewConnection - trying to connect to database ... jdbc:sqlite:C:FACCANUL2SEM2MPP	eme-lab-BucurVicParfum.db
13 Mar 2025 15:04:09,779 INFO  JdbcUtils 29 getNewConnection - user: null
13 Mar 2025 15:04:09,780 INFO  JdbcUtils 30 getNewConnection - pass: null
13 Mar 2025 15:04:09,809 ERROR JdbcUtils 39 getNewConnection - java.sql.SQLException: opening db: 'C:FACCANUL2SEM2MPP	eme-lab-BucurVicParfum.db': The filename, directory name, or volume label syntax is incorrect
13 Mar 2025 15:04:09,811 TRACE JdbcUtils 55 getConnection - Exit
13 Mar 2025 15:04:44,132 INFO  CarsDBRepository 19 <init> - Initializing CarsDBRepository with properties: {jdbc.url=jdbc:sqlite:C:FACCANUL2SEM2MPP	eme-lab-BucurViccars.db} 
13 Mar 2025 15:04:44,151 TRACE CarsDBRepository 37 add - Enter saving task Id=0 Tesla Model S 2019
13 Mar 2025 15:04:44,152 TRACE JdbcUtils 46 getConnection - Enter
13 Mar 2025 15:04:44,152 TRACE JdbcUtils 23 getNewConnection - Enter
13 Mar 2025 15:04:44,152 INFO  JdbcUtils 28 getNewConnection - trying to connect to database ... jdbc:sqlite:C:FACCANUL2SEM2MPP	eme-lab-BucurViccars.db
13 Mar 2025 15:04:44,153 INFO  JdbcUtils 29 getNewConnection - user: null
13 Mar 2025 15:04:44,154 INFO  JdbcUtils 30 getNewConnection - pass: null
13 Mar 2025 15:04:44,185 ERROR JdbcUtils 39 getNewConnection - java.sql.SQLException: opening db: 'C:FACCANUL2SEM2MPP	eme-lab-BucurViccars.db': The filename, directory name, or volume label syntax is incorrect
13 Mar 2025 15:04:44,188 TRACE JdbcUtils 55 getConnection - Exit
13 Mar 2025 15:05:09,627 INFO  CarsDBRepository 19 <init> - Initializing CarsDBRepository with properties: {jdbc.url=jdbc:sqlite:C:FACCANUL2SEM2MPP	eme-lab-BucurViccars.db} 
13 Mar 2025 15:05:09,648 TRACE CarsDBRepository 37 add - Enter saving task Id=0 Tesla Model S 2019
13 Mar 2025 15:05:09,649 TRACE JdbcUtils 46 getConnection - Enter
13 Mar 2025 15:05:09,649 TRACE JdbcUtils 23 getNewConnection - Enter
13 Mar 2025 15:05:09,649 INFO  JdbcUtils 28 getNewConnection - trying to connect to database ... jdbc:sqlite:C:FACCANUL2SEM2MPP	eme-lab-BucurViccars.db
13 Mar 2025 15:05:09,651 INFO  JdbcUtils 29 getNewConnection - user: null
13 Mar 2025 15:05:09,652 INFO  JdbcUtils 30 getNewConnection - pass: null
13 Mar 2025 15:05:09,679 ERROR JdbcUtils 39 getNewConnection - java.sql.SQLException: opening db: 'C:FACCANUL2SEM2MPP	eme-lab-BucurViccars.db': The filename, directory name, or volume label syntax is incorrect
13 Mar 2025 15:05:09,681 TRACE JdbcUtils 55 getConnection - Exit
13 Mar 2025 15:06:03,984 INFO  CarsDBRepository 19 <init> - Initializing CarsDBRepository with properties: {jdbc.url=jdbc:sqlite:C:FACCANUL2SEM2MPP	eme-lab-BucurViccars.db} 
13 Mar 2025 15:06:04,009 TRACE CarsDBRepository 37 add - Enter saving task Id=0 Tesla Model S 2019
13 Mar 2025 15:06:04,009 TRACE JdbcUtils 46 getConnection - Enter
13 Mar 2025 15:06:04,010 TRACE JdbcUtils 23 getNewConnection - Enter
13 Mar 2025 15:06:04,010 INFO  JdbcUtils 28 getNewConnection - trying to connect to database ... jdbc:sqlite:C:FACCANUL2SEM2MPP	eme-lab-BucurViccars.db
13 Mar 2025 15:06:04,011 INFO  JdbcUtils 29 getNewConnection - user: null
13 Mar 2025 15:06:04,012 INFO  JdbcUtils 30 getNewConnection - pass: null
13 Mar 2025 15:06:04,044 ERROR JdbcUtils 39 getNewConnection - java.sql.SQLException: opening db: 'C:FACCANUL2SEM2MPP	eme-lab-BucurViccars.db': The filename, directory name, or volume label syntax is incorrect
13 Mar 2025 15:06:04,046 TRACE JdbcUtils 55 getConnection - Exit
13 Mar 2025 15:07:28,992 INFO  CarsDBRepository 19 <init> - Initializing CarsDBRepository with properties: {jdbc.url=jdbc:sqlite:C:FACCANUL2SEM2MPP	eme-lab-BucurViccars.db} 
13 Mar 2025 15:07:29,015 TRACE CarsDBRepository 37 add - Enter saving task Id=0 Tesla Model S 2019
13 Mar 2025 15:07:29,015 TRACE JdbcUtils 46 getConnection - Enter
13 Mar 2025 15:07:29,015 TRACE JdbcUtils 23 getNewConnection - Enter
13 Mar 2025 15:07:29,016 INFO  JdbcUtils 28 getNewConnection - trying to connect to database ... jdbc:sqlite:C:FACCANUL2SEM2MPP	eme-lab-BucurViccars.db
13 Mar 2025 15:07:29,017 INFO  JdbcUtils 29 getNewConnection - user: null
13 Mar 2025 15:07:29,018 INFO  JdbcUtils 30 getNewConnection - pass: null
13 Mar 2025 15:07:29,049 ERROR JdbcUtils 39 getNewConnection - java.sql.SQLException: opening db: 'C:FACCANUL2SEM2MPP	eme-lab-BucurViccars.db': The filename, directory name, or volume label syntax is incorrect
13 Mar 2025 15:07:29,051 TRACE JdbcUtils 55 getConnection - Exit
13 Mar 2025 15:08:15,415 INFO  CarsDBRepository 19 <init> - Initializing CarsDBRepository with properties: {jdbc.url=jdbc:sqlite:C:FACCANUL2SEM2MPP	eme-lab-BucurViccars.db} 
13 Mar 2025 15:08:15,444 TRACE CarsDBRepository 37 add - Enter saving task Id=0 Tesla Model S 2019
13 Mar 2025 15:08:15,445 TRACE JdbcUtils 46 getConnection - Enter
13 Mar 2025 15:08:15,445 TRACE JdbcUtils 23 getNewConnection - Enter
13 Mar 2025 15:08:15,446 INFO  JdbcUtils 28 getNewConnection - trying to connect to database ... jdbc:sqlite:C:FACCANUL2SEM2MPP	eme-lab-BucurViccars.db
13 Mar 2025 15:08:15,447 INFO  JdbcUtils 29 getNewConnection - user: null
13 Mar 2025 15:08:15,448 INFO  JdbcUtils 30 getNewConnection - pass: null
13 Mar 2025 15:08:15,481 ERROR JdbcUtils 39 getNewConnection - java.sql.SQLException: opening db: 'C:FACCANUL2SEM2MPP	eme-lab-BucurViccars.db': The filename, directory name, or volume label syntax is incorrect
13 Mar 2025 15:08:15,483 TRACE JdbcUtils 55 getConnection - Exit
13 Mar 2025 15:09:25,424 INFO  CarsDBRepository 19 <init> - Initializing CarsDBRepository with properties: {jdbc.url=jdbc:sqlite:C:FACCANUL2SEM2MPP	eme-lab-BucurViccars.db} 
13 Mar 2025 15:09:25,450 TRACE CarsDBRepository 37 add - Enter saving task Id=0 Tesla Model S 2019
13 Mar 2025 15:09:32,813 TRACE JdbcUtils 46 getConnection - Enter
13 Mar 2025 15:09:32,815 TRACE JdbcUtils 23 getNewConnection - Enter
13 Mar 2025 15:09:32,817 INFO  JdbcUtils 28 getNewConnection - trying to connect to database ... jdbc:sqlite:C:FACCANUL2SEM2MPP	eme-lab-BucurViccars.db
13 Mar 2025 15:09:32,822 INFO  JdbcUtils 29 getNewConnection - user: null
13 Mar 2025 15:09:32,823 INFO  JdbcUtils 30 getNewConnection - pass: null
13 Mar 2025 15:09:32,928 ERROR JdbcUtils 39 getNewConnection - java.sql.SQLException: opening db: 'C:FACCANUL2SEM2MPP	eme-lab-BucurViccars.db': The filename, directory name, or volume label syntax is incorrect
13 Mar 2025 15:09:32,931 TRACE JdbcUtils 55 getConnection - Exit
13 Mar 2025 15:11:48,154 INFO  CarsDBRepository 19 <init> - Initializing CarsDBRepository with properties: {jdbc.url=jdbc:sqlite:C:FACCANUL2SEM2MPP	eme-lab-BucurViccars.db} 
13 Mar 2025 15:11:48,176 TRACE CarsDBRepository 37 add - Enter saving task Id=0 Tesla Model S 2019
13 Mar 2025 15:11:51,698 TRACE JdbcUtils 46 getConnection - Enter
13 Mar 2025 15:11:51,699 TRACE JdbcUtils 23 getNewConnection - Enter
13 Mar 2025 15:11:51,701 INFO  JdbcUtils 28 getNewConnection - trying to connect to database ... jdbc:sqlite:C:FACCANUL2SEM2MPP	eme-lab-BucurViccars.db
13 Mar 2025 15:11:51,709 INFO  JdbcUtils 29 getNewConnection - user: null
13 Mar 2025 15:11:51,711 INFO  JdbcUtils 30 getNewConnection - pass: null
13 Mar 2025 15:11:51,810 ERROR JdbcUtils 39 getNewConnection - java.sql.SQLException: opening db: 'C:FACCANUL2SEM2MPP	eme-lab-BucurViccars.db': The filename, directory name, or volume label syntax is incorrect
13 Mar 2025 15:11:51,813 TRACE JdbcUtils 55 getConnection - Exit
13 Mar 2025 15:15:42,843 INFO  CarsDBRepository 19 <init> - Initializing CarsDBRepository with properties: {jdbc.url=jdbc:sqlite:C:cars.db} 
13 Mar 2025 15:15:42,871 TRACE CarsDBRepository 37 add - Enter saving task Id=0 Tesla Model S 2019
13 Mar 2025 15:15:42,871 TRACE JdbcUtils 46 getConnection - Enter
13 Mar 2025 15:15:42,872 TRACE JdbcUtils 23 getNewConnection - Enter
13 Mar 2025 15:15:42,872 INFO  JdbcUtils 28 getNewConnection - trying to connect to database ... jdbc:sqlite:C:cars.db
13 Mar 2025 15:15:42,874 INFO  JdbcUtils 29 getNewConnection - user: null
13 Mar 2025 15:15:42,874 INFO  JdbcUtils 30 getNewConnection - pass: null
13 Mar 2025 15:15:43,217 TRACE JdbcUtils 55 getConnection - Exit with(org.sqlite.jdbc4.JDBC4Connection@6dd7b5a3)
13 Mar 2025 15:15:43,226 ERROR CarsDBRepository 46 add - org.sqlite.SQLiteException: [SQLITE_ERROR] SQL error or missing database (no such table: cars)
13 Mar 2025 15:15:43,228 TRACE CarsDBRepository 49 add - Exit
13 Mar 2025 15:15:43,229 TRACE CarsDBRepository 59 findAll - Enter
13 Mar 2025 15:15:43,229 TRACE JdbcUtils 46 getConnection - Enter
13 Mar 2025 15:15:43,230 TRACE JdbcUtils 55 getConnection - Exit with(org.sqlite.jdbc4.JDBC4Connection@6dd7b5a3)
13 Mar 2025 15:15:43,230 ERROR CarsDBRepository 75 findAll - org.sqlite.SQLiteException: [SQLITE_ERROR] SQL error or missing database (no such table: cars)
13 Mar 2025 15:15:43,231 TRACE CarsDBRepository 78 findAll - Exit with([])
13 Mar 2025 15:18:04,799 INFO  CarsDBRepository 19 <init> - Initializing CarsDBRepository with properties: {jdbc.url=jdbc:sqlite:C:cars.db} 
13 Mar 2025 15:18:04,821 TRACE CarsDBRepository 37 add - Enter saving task Id=0 Tesla Model S 2019
13 Mar 2025 15:18:04,822 TRACE JdbcUtils 46 getConnection - Enter
13 Mar 2025 15:18:04,822 TRACE JdbcUtils 23 getNewConnection - Enter
13 Mar 2025 15:18:04,822 INFO  JdbcUtils 28 getNewConnection - trying to connect to database ... jdbc:sqlite:C:cars.db
13 Mar 2025 15:18:04,823 INFO  JdbcUtils 29 getNewConnection - user: null
13 Mar 2025 15:18:04,823 INFO  JdbcUtils 30 getNewConnection - pass: null
13 Mar 2025 15:18:05,189 TRACE JdbcUtils 55 getConnection - Exit with(org.sqlite.jdbc4.JDBC4Connection@6dd7b5a3)
13 Mar 2025 15:18:05,197 ERROR CarsDBRepository 46 add - org.sqlite.SQLiteException: [SQLITE_ERROR] SQL error or missing database (no such table: cars)
13 Mar 2025 15:18:05,198 TRACE CarsDBRepository 49 add - Exit
13 Mar 2025 15:18:05,199 TRACE CarsDBRepository 59 findAll - Enter
13 Mar 2025 15:18:05,199 TRACE JdbcUtils 46 getConnection - Enter
13 Mar 2025 15:18:05,199 TRACE JdbcUtils 55 getConnection - Exit with(org.sqlite.jdbc4.JDBC4Connection@6dd7b5a3)
13 Mar 2025 15:18:05,200 ERROR CarsDBRepository 75 findAll - org.sqlite.SQLiteException: [SQLITE_ERROR] SQL error or missing database (no such table: cars)
13 Mar 2025 15:18:05,201 TRACE CarsDBRepository 78 findAll - Exit with([])
13 Mar 2025 15:18:14,655 INFO  CarsDBRepository 19 <init> - Initializing CarsDBRepository with properties: {jdbc.url=jdbc:sqlite:C:cars.db} 
13 Mar 2025 15:18:14,686 TRACE CarsDBRepository 37 add - Enter saving task Id=0 Tesla Model S 2019
13 Mar 2025 15:18:14,687 TRACE JdbcUtils 46 getConnection - Enter
13 Mar 2025 15:18:14,687 TRACE JdbcUtils 23 getNewConnection - Enter
13 Mar 2025 15:18:14,688 INFO  JdbcUtils 28 getNewConnection - trying to connect to database ... jdbc:sqlite:C:cars.db
13 Mar 2025 15:18:14,689 INFO  JdbcUtils 29 getNewConnection - user: null
13 Mar 2025 15:18:14,690 INFO  JdbcUtils 30 getNewConnection - pass: null
13 Mar 2025 15:18:15,001 TRACE JdbcUtils 55 getConnection - Exit with(org.sqlite.jdbc4.JDBC4Connection@6dd7b5a3)
13 Mar 2025 15:18:15,007 ERROR CarsDBRepository 46 add - org.sqlite.SQLiteException: [SQLITE_ERROR] SQL error or missing database (no such table: cars)
13 Mar 2025 15:18:15,008 TRACE CarsDBRepository 49 add - Exit
13 Mar 2025 15:18:15,009 TRACE CarsDBRepository 59 findAll - Enter
13 Mar 2025 15:18:15,009 TRACE JdbcUtils 46 getConnection - Enter
13 Mar 2025 15:18:15,010 TRACE JdbcUtils 55 getConnection - Exit with(org.sqlite.jdbc4.JDBC4Connection@6dd7b5a3)
13 Mar 2025 15:18:15,012 ERROR CarsDBRepository 75 findAll - org.sqlite.SQLiteException: [SQLITE_ERROR] SQL error or missing database (no such table: cars)
13 Mar 2025 15:18:15,013 TRACE CarsDBRepository 78 findAll - Exit with([])
13 Mar 2025 15:22:13,425 INFO  CarsDBRepository 19 <init> - Initializing CarsDBRepository with properties: {jdbc.url=jdbc:sqlite:C:cars.db} 
13 Mar 2025 15:22:13,463 TRACE CarsDBRepository 37 add - Enter saving task Id=0 Tesla Model S 2019
13 Mar 2025 15:22:13,464 TRACE JdbcUtils 46 getConnection - Enter
13 Mar 2025 15:22:13,464 TRACE JdbcUtils 23 getNewConnection - Enter
13 Mar 2025 15:22:13,465 INFO  JdbcUtils 28 getNewConnection - trying to connect to database ... jdbc:sqlite:C:cars.db
13 Mar 2025 15:22:13,467 INFO  JdbcUtils 29 getNewConnection - user: null
13 Mar 2025 15:22:13,468 INFO  JdbcUtils 30 getNewConnection - pass: null
13 Mar 2025 15:22:13,806 TRACE JdbcUtils 55 getConnection - Exit with(org.sqlite.jdbc4.JDBC4Connection@6dd7b5a3)
13 Mar 2025 15:22:13,814 ERROR CarsDBRepository 46 add - org.sqlite.SQLiteException: [SQLITE_ERROR] SQL error or missing database (no such table: cars)
13 Mar 2025 15:22:13,814 TRACE CarsDBRepository 49 add - Exit
13 Mar 2025 15:22:13,815 TRACE CarsDBRepository 59 findAll - Enter
13 Mar 2025 15:22:13,816 TRACE JdbcUtils 46 getConnection - Enter
13 Mar 2025 15:22:13,817 TRACE JdbcUtils 55 getConnection - Exit with(org.sqlite.jdbc4.JDBC4Connection@6dd7b5a3)
13 Mar 2025 15:22:13,817 ERROR CarsDBRepository 75 findAll - org.sqlite.SQLiteException: [SQLITE_ERROR] SQL error or missing database (no such table: cars)
13 Mar 2025 15:22:13,818 TRACE CarsDBRepository 78 findAll - Exit with([])
13 Mar 2025 15:22:20,467 INFO  CarsDBRepository 19 <init> - Initializing CarsDBRepository with properties: {jdbc.url=jdbc:sqlite:C:cars.db} 
13 Mar 2025 15:22:20,489 TRACE CarsDBRepository 37 add - Enter saving task Id=0 Tesla Model S 2019
13 Mar 2025 15:22:20,490 TRACE JdbcUtils 46 getConnection - Enter
13 Mar 2025 15:22:20,490 TRACE JdbcUtils 23 getNewConnection - Enter
13 Mar 2025 15:22:20,490 INFO  JdbcUtils 28 getNewConnection - trying to connect to database ... jdbc:sqlite:C:cars.db
13 Mar 2025 15:22:20,492 INFO  JdbcUtils 29 getNewConnection - user: null
13 Mar 2025 15:22:20,492 INFO  JdbcUtils 30 getNewConnection - pass: null
13 Mar 2025 15:22:20,821 TRACE JdbcUtils 55 getConnection - Exit with(org.sqlite.jdbc4.JDBC4Connection@6dd7b5a3)
13 Mar 2025 15:22:20,828 ERROR CarsDBRepository 46 add - org.sqlite.SQLiteException: [SQLITE_ERROR] SQL error or missing database (no such table: cars)
13 Mar 2025 15:22:20,829 TRACE CarsDBRepository 49 add - Exit
13 Mar 2025 15:22:20,830 TRACE CarsDBRepository 59 findAll - Enter
13 Mar 2025 15:22:20,830 TRACE JdbcUtils 46 getConnection - Enter
13 Mar 2025 15:22:20,831 TRACE JdbcUtils 55 getConnection - Exit with(org.sqlite.jdbc4.JDBC4Connection@6dd7b5a3)
13 Mar 2025 15:22:20,832 ERROR CarsDBRepository 75 findAll - org.sqlite.SQLiteException: [SQLITE_ERROR] SQL error or missing database (no such table: cars)
13 Mar 2025 15:22:20,833 TRACE CarsDBRepository 78 findAll - Exit with([])
13 Mar 2025 15:25:05,068 INFO  CarsDBRepository 19 <init> - Initializing CarsDBRepository with properties: {jdbc.url=jdbc:sqlite:C:cars.db} 
13 Mar 2025 15:25:05,086 TRACE CarsDBRepository 37 add - Enter saving task Id=0 Tesla Model S 2019
13 Mar 2025 15:25:05,086 TRACE JdbcUtils 46 getConnection - Enter
13 Mar 2025 15:25:05,087 TRACE JdbcUtils 23 getNewConnection - Enter
13 Mar 2025 15:25:05,087 INFO  JdbcUtils 28 getNewConnection - trying to connect to database ... jdbc:sqlite:C:cars.db
13 Mar 2025 15:25:05,088 INFO  JdbcUtils 29 getNewConnection - user: null
13 Mar 2025 15:25:05,089 INFO  JdbcUtils 30 getNewConnection - pass: null
13 Mar 2025 15:25:05,434 TRACE JdbcUtils 55 getConnection - Exit with(org.sqlite.jdbc4.JDBC4Connection@6dd7b5a3)
13 Mar 2025 15:25:05,443 ERROR CarsDBRepository 46 add - org.sqlite.SQLiteException: [SQLITE_ERROR] SQL error or missing database (no such table: cars)
13 Mar 2025 15:25:05,444 TRACE CarsDBRepository 49 add - Exit
13 Mar 2025 15:25:05,445 TRACE CarsDBRepository 59 findAll - Enter
13 Mar 2025 15:25:05,446 TRACE JdbcUtils 46 getConnection - Enter
13 Mar 2025 15:25:05,446 TRACE JdbcUtils 55 getConnection - Exit with(org.sqlite.jdbc4.JDBC4Connection@6dd7b5a3)
13 Mar 2025 15:25:05,447 ERROR CarsDBRepository 75 findAll - org.sqlite.SQLiteException: [SQLITE_ERROR] SQL error or missing database (no such table: cars)
13 Mar 2025 15:25:05,448 TRACE CarsDBRepository 78 findAll - Exit with([])
13 Mar 2025 15:26:10,462 INFO  CarsDBRepository 19 <init> - Initializing CarsDBRepository with properties: {jdbc.url=jdbc:sqlite:C:/cars.db} 
13 Mar 2025 15:26:10,483 TRACE CarsDBRepository 37 add - Enter saving task Id=0 Tesla Model S 2019
13 Mar 2025 15:26:10,483 TRACE JdbcUtils 46 getConnection - Enter
13 Mar 2025 15:26:10,484 TRACE JdbcUtils 23 getNewConnection - Enter
13 Mar 2025 15:26:10,484 INFO  JdbcUtils 28 getNewConnection - trying to connect to database ... jdbc:sqlite:C:/cars.db
13 Mar 2025 15:26:10,486 INFO  JdbcUtils 29 getNewConnection - user: null
13 Mar 2025 15:26:10,486 INFO  JdbcUtils 30 getNewConnection - pass: null
13 Mar 2025 15:26:10,812 TRACE JdbcUtils 55 getConnection - Exit with(org.sqlite.jdbc4.JDBC4Connection@6dd7b5a3)
13 Mar 2025 15:26:10,826 ERROR CarsDBRepository 46 add - org.sqlite.SQLiteException: [SQLITE_CANTOPEN] Unable to open the database file (unable to open database file)
13 Mar 2025 15:26:10,827 TRACE CarsDBRepository 49 add - Exit
13 Mar 2025 15:26:10,828 TRACE CarsDBRepository 59 findAll - Enter
13 Mar 2025 15:26:10,828 TRACE JdbcUtils 46 getConnection - Enter
13 Mar 2025 15:26:10,829 TRACE JdbcUtils 55 getConnection - Exit with(org.sqlite.jdbc4.JDBC4Connection@6dd7b5a3)
13 Mar 2025 15:26:10,833 TRACE CarsDBRepository 78 findAll - Exit with([Id=1 Dacia Sandero 2019, Id=2 Skoda Octavia 2020])
13 Mar 2025 15:26:50,303 INFO  CarsDBRepository 19 <init> - Initializing CarsDBRepository with properties: {jdbc.url=jdbc:sqlite:C:/cars.db} 
13 Mar 2025 15:26:50,322 TRACE CarsDBRepository 37 add - Enter saving task Id=0 Tesla Model S 2019
13 Mar 2025 15:26:50,322 TRACE JdbcUtils 46 getConnection - Enter
13 Mar 2025 15:26:50,322 TRACE JdbcUtils 23 getNewConnection - Enter
13 Mar 2025 15:26:50,323 INFO  JdbcUtils 28 getNewConnection - trying to connect to database ... jdbc:sqlite:C:/cars.db
13 Mar 2025 15:26:50,324 INFO  JdbcUtils 29 getNewConnection - user: null
13 Mar 2025 15:26:50,324 INFO  JdbcUtils 30 getNewConnection - pass: null
13 Mar 2025 15:26:50,668 TRACE JdbcUtils 55 getConnection - Exit with(org.sqlite.jdbc4.JDBC4Connection@6dd7b5a3)
13 Mar 2025 15:26:50,692 ERROR CarsDBRepository 46 add - org.sqlite.SQLiteException: [SQLITE_CANTOPEN] Unable to open the database file (unable to open database file)
13 Mar 2025 15:26:50,694 TRACE CarsDBRepository 49 add - Exit
13 Mar 2025 15:26:50,694 TRACE CarsDBRepository 59 findAll - Enter
13 Mar 2025 15:26:50,695 TRACE JdbcUtils 46 getConnection - Enter
13 Mar 2025 15:26:50,696 TRACE JdbcUtils 55 getConnection - Exit with(org.sqlite.jdbc4.JDBC4Connection@6dd7b5a3)
13 Mar 2025 15:26:50,702 TRACE CarsDBRepository 78 findAll - Exit with([Id=1 Dacia Sandero 2019, Id=2 Skoda Octavia 2020])
13 Mar 2025 15:27:57,022 INFO  CarsDBRepository 19 <init> - Initializing CarsDBRepository with properties: {jdbc.url=jdbc:sqlite:C:/cars.db} 
13 Mar 2025 15:27:57,042 TRACE CarsDBRepository 37 add - Enter saving task Id=0 Tesla Model S 2019
13 Mar 2025 15:27:57,043 TRACE JdbcUtils 46 getConnection - Enter
13 Mar 2025 15:27:57,043 TRACE JdbcUtils 23 getNewConnection - Enter
13 Mar 2025 15:27:57,043 INFO  JdbcUtils 28 getNewConnection - trying to connect to database ... jdbc:sqlite:C:/cars.db
13 Mar 2025 15:27:57,045 INFO  JdbcUtils 29 getNewConnection - user: null
13 Mar 2025 15:27:57,045 INFO  JdbcUtils 30 getNewConnection - pass: null
13 Mar 2025 15:27:57,377 TRACE JdbcUtils 55 getConnection - Exit with(org.sqlite.jdbc4.JDBC4Connection@6dd7b5a3)
13 Mar 2025 15:27:57,390 ERROR CarsDBRepository 46 add - org.sqlite.SQLiteException: [SQLITE_CANTOPEN] Unable to open the database file (unable to open database file)
13 Mar 2025 15:27:57,391 TRACE CarsDBRepository 49 add - Exit
13 Mar 2025 15:27:57,392 TRACE CarsDBRepository 59 findAll - Enter
13 Mar 2025 15:27:57,393 TRACE JdbcUtils 46 getConnection - Enter
13 Mar 2025 15:27:57,394 TRACE JdbcUtils 55 getConnection - Exit with(org.sqlite.jdbc4.JDBC4Connection@6dd7b5a3)
13 Mar 2025 15:27:57,398 TRACE CarsDBRepository 78 findAll - Exit with([Id=1 Dacia Sandero 2019, Id=2 Skoda Octavia 2020])
13 Mar 2025 15:34:17,774 INFO  CarsDBRepository 19 <init> - Initializing CarsDBRepository with properties: {jdbc.url=jdbc:sqlite:C:/cars.db} 
13 Mar 2025 15:34:17,792 TRACE CarsDBRepository 55 add - Enter saving task Id=0 Tesla Model S 2019
13 Mar 2025 15:34:17,792 TRACE JdbcUtils 46 getConnection - Enter
13 Mar 2025 15:34:17,792 TRACE JdbcUtils 23 getNewConnection - Enter
13 Mar 2025 15:34:17,793 INFO  JdbcUtils 28 getNewConnection - trying to connect to database ... jdbc:sqlite:C:/cars.db
13 Mar 2025 15:34:17,793 INFO  JdbcUtils 29 getNewConnection - user: null
13 Mar 2025 15:34:17,794 INFO  JdbcUtils 30 getNewConnection - pass: null
13 Mar 2025 15:34:18,130 TRACE JdbcUtils 55 getConnection - Exit with(org.sqlite.jdbc4.JDBC4Connection@6dd7b5a3)
13 Mar 2025 15:34:18,141 ERROR CarsDBRepository 64 add - org.sqlite.SQLiteException: [SQLITE_CANTOPEN] Unable to open the database file (unable to open database file)
13 Mar 2025 15:34:18,142 TRACE CarsDBRepository 67 add - Exit
13 Mar 2025 15:34:18,143 TRACE CarsDBRepository 77 findAll - Enter
13 Mar 2025 15:34:18,143 TRACE JdbcUtils 46 getConnection - Enter
13 Mar 2025 15:34:18,144 TRACE JdbcUtils 55 getConnection - Exit with(org.sqlite.jdbc4.JDBC4Connection@6dd7b5a3)
13 Mar 2025 15:34:18,149 TRACE CarsDBRepository 96 findAll - Exit with([Id=1 Dacia Sandero 2019, Id=2 Skoda Octavia 2020])
13 Mar 2025 15:34:18,150 TRACE CarsDBRepository 25 findByManufacturer - Tesla
13 Mar 2025 15:34:18,151 TRACE JdbcUtils 46 getConnection - Enter
13 Mar 2025 15:34:18,151 TRACE JdbcUtils 55 getConnection - Exit with(org.sqlite.jdbc4.JDBC4Connection@6dd7b5a3)
13 Mar 2025 15:34:18,154 TRACE CarsDBRepository 43 findByManufacturer - Exit
13 Mar 2025 15:34:56,435 INFO  CarsDBRepository 19 <init> - Initializing CarsDBRepository with properties: {jdbc.url=jdbc:sqlite:C:/cars.db} 
13 Mar 2025 15:34:56,457 TRACE CarsDBRepository 55 add - Enter saving task Id=0 Tesla Model S 2019
13 Mar 2025 15:34:56,457 TRACE JdbcUtils 46 getConnection - Enter
13 Mar 2025 15:34:56,457 TRACE JdbcUtils 23 getNewConnection - Enter
13 Mar 2025 15:34:56,458 INFO  JdbcUtils 28 getNewConnection - trying to connect to database ... jdbc:sqlite:C:/cars.db
13 Mar 2025 15:34:56,459 INFO  JdbcUtils 29 getNewConnection - user: null
13 Mar 2025 15:34:56,460 INFO  JdbcUtils 30 getNewConnection - pass: null
13 Mar 2025 15:34:56,793 TRACE JdbcUtils 55 getConnection - Exit with(org.sqlite.jdbc4.JDBC4Connection@6dd7b5a3)
13 Mar 2025 15:34:56,806 ERROR CarsDBRepository 64 add - org.sqlite.SQLiteException: [SQLITE_CANTOPEN] Unable to open the database file (unable to open database file)
13 Mar 2025 15:34:56,807 TRACE CarsDBRepository 67 add - Exit
13 Mar 2025 15:34:56,807 TRACE CarsDBRepository 77 findAll - Enter
13 Mar 2025 15:34:56,808 TRACE JdbcUtils 46 getConnection - Enter
13 Mar 2025 15:34:56,809 TRACE JdbcUtils 55 getConnection - Exit with(org.sqlite.jdbc4.JDBC4Connection@6dd7b5a3)
13 Mar 2025 15:34:56,813 TRACE CarsDBRepository 96 findAll - Exit with([Id=1 Dacia Sandero 2019, Id=2 Skoda Octavia 2020])
13 Mar 2025 15:34:56,815 TRACE CarsDBRepository 25 findByManufacturer - Tesla
13 Mar 2025 15:34:56,816 TRACE JdbcUtils 46 getConnection - Enter
13 Mar 2025 15:34:56,817 TRACE JdbcUtils 55 getConnection - Exit with(org.sqlite.jdbc4.JDBC4Connection@6dd7b5a3)
13 Mar 2025 15:34:56,821 TRACE CarsDBRepository 43 findByManufacturer - Exit
17 Mar 2025 22:05:05,671 INFO  CarsDBRepository 19 <init> - Initializing CarsDBRepository with properties: {jdbc.url=jdbc:sqlite:C:/FACC/ANUL2/SEM2/MPP/teme-lab-BucurVic/cars.db} 
17 Mar 2025 22:05:05,707 TRACE CarsDBRepository 55 add - Enter saving task Id=0 Tesla Model S 2019
17 Mar 2025 22:05:05,708 TRACE JdbcUtils 46 getConnection - Enter
17 Mar 2025 22:05:05,708 TRACE JdbcUtils 23 getNewConnection - Enter
17 Mar 2025 22:05:05,708 INFO  JdbcUtils 28 getNewConnection - trying to connect to database ... jdbc:sqlite:C:/FACC/ANUL2/SEM2/MPP/teme-lab-BucurVic/cars.db
17 Mar 2025 22:05:05,709 INFO  JdbcUtils 29 getNewConnection - user: null
17 Mar 2025 22:05:05,710 INFO  JdbcUtils 30 getNewConnection - pass: null
17 Mar 2025 22:05:06,064 TRACE JdbcUtils 55 getConnection - Exit with(org.sqlite.jdbc4.JDBC4Connection@6dd7b5a3)
17 Mar 2025 22:05:06,074 TRACE CarsDBRepository 62 add - Saved 1 instances
17 Mar 2025 22:05:06,074 TRACE CarsDBRepository 67 add - Exit
17 Mar 2025 22:05:06,075 TRACE CarsDBRepository 77 findAll - Enter
17 Mar 2025 22:05:06,075 TRACE JdbcUtils 46 getConnection - Enter
17 Mar 2025 22:05:06,076 TRACE JdbcUtils 55 getConnection - Exit with(org.sqlite.jdbc4.JDBC4Connection@6dd7b5a3)
17 Mar 2025 22:05:06,079 TRACE CarsDBRepository 96 findAll - Exit with([Id=1 Dacia Sandero 2019, Id=2 Skoda Octavia 2020, Id=3 Tesla Model S 2019])
17 Mar 2025 22:05:06,081 TRACE CarsDBRepository 25 findByManufacturer - Tesla
17 Mar 2025 22:05:06,081 TRACE JdbcUtils 46 getConnection - Enter
17 Mar 2025 22:05:06,082 TRACE JdbcUtils 55 getConnection - Exit with(org.sqlite.jdbc4.JDBC4Connection@6dd7b5a3)
17 Mar 2025 22:05:06,082 TRACE CarsDBRepository 43 findByManufacturer - Exit
17 Mar 2025 22:05:42,043 INFO  CarsDBRepository 19 <init> - Initializing CarsDBRepository with properties: {jdbc.url=jdbc:sqlite:C:/FACC/ANUL2/SEM2/MPP/teme-lab-BucurVic/cars.db} 
17 Mar 2025 22:05:42,059 TRACE CarsDBRepository 55 add - Enter saving task Id=0 Tesla Model S 2019
17 Mar 2025 22:05:42,059 TRACE JdbcUtils 46 getConnection - Enter
17 Mar 2025 22:05:42,059 TRACE JdbcUtils 23 getNewConnection - Enter
17 Mar 2025 22:05:42,060 INFO  JdbcUtils 28 getNewConnection - trying to connect to database ... jdbc:sqlite:C:/FACC/ANUL2/SEM2/MPP/teme-lab-BucurVic/cars.db
17 Mar 2025 22:05:42,060 INFO  JdbcUtils 29 getNewConnection - user: null
17 Mar 2025 22:05:42,061 INFO  JdbcUtils 30 getNewConnection - pass: null
17 Mar 2025 22:05:42,350 TRACE JdbcUtils 55 getConnection - Exit with(org.sqlite.jdbc4.JDBC4Connection@6dd7b5a3)
17 Mar 2025 22:05:42,363 TRACE CarsDBRepository 62 add - Saved 1 instances
17 Mar 2025 22:05:42,364 TRACE CarsDBRepository 67 add - Exit
17 Mar 2025 22:05:42,365 TRACE CarsDBRepository 77 findAll - Enter
17 Mar 2025 22:05:42,365 TRACE JdbcUtils 46 getConnection - Enter
17 Mar 2025 22:05:42,366 TRACE JdbcUtils 55 getConnection - Exit with(org.sqlite.jdbc4.JDBC4Connection@6dd7b5a3)
17 Mar 2025 22:05:42,370 TRACE CarsDBRepository 96 findAll - Exit with([Id=1 Dacia Sandero 2019, Id=2 Skoda Octavia 2020, Id=3 Tesla Model S 2019, Id=4 Tesla Model S 2019])
17 Mar 2025 22:05:42,372 TRACE CarsDBRepository 25 findByManufacturer - Tesla
17 Mar 2025 22:05:42,372 TRACE JdbcUtils 46 getConnection - Enter
17 Mar 2025 22:05:42,373 TRACE JdbcUtils 55 getConnection - Exit with(org.sqlite.jdbc4.JDBC4Connection@6dd7b5a3)
17 Mar 2025 22:05:42,373 TRACE CarsDBRepository 43 findByManufacturer - Exit
17 Mar 2025 23:53:04,978 INFO  CarsDBRepository 19 <init> - Initializing CarsDBRepository with properties: {jdbc.url=jdbc:sqlite:C:/FACC/ANUL2/SEM2/MPP/teme-lab-BucurVic/cars.db} 
17 Mar 2025 23:53:04,993 TRACE CarsDBRepository 55 add - Enter saving task Id=0 Tesla Model S 2019
17 Mar 2025 23:53:04,994 TRACE JdbcUtils 46 getConnection - Enter
17 Mar 2025 23:53:04,994 TRACE JdbcUtils 23 getNewConnection - Enter
17 Mar 2025 23:53:04,994 INFO  JdbcUtils 28 getNewConnection - trying to connect to database ... jdbc:sqlite:C:/FACC/ANUL2/SEM2/MPP/teme-lab-BucurVic/cars.db
17 Mar 2025 23:53:04,995 INFO  JdbcUtils 29 getNewConnection - user: null
17 Mar 2025 23:53:04,995 INFO  JdbcUtils 30 getNewConnection - pass: null
17 Mar 2025 23:53:05,398 TRACE JdbcUtils 55 getConnection - Exit with(org.sqlite.jdbc4.JDBC4Connection@6dd7b5a3)
17 Mar 2025 23:53:05,409 TRACE CarsDBRepository 62 add - Saved 1 instances
17 Mar 2025 23:53:05,409 TRACE CarsDBRepository 67 add - Exit
17 Mar 2025 23:53:05,410 TRACE CarsDBRepository 77 findAll - Enter
17 Mar 2025 23:53:05,410 TRACE JdbcUtils 46 getConnection - Enter
17 Mar 2025 23:53:05,410 TRACE JdbcUtils 55 getConnection - Exit with(org.sqlite.jdbc4.JDBC4Connection@6dd7b5a3)
17 Mar 2025 23:53:05,414 TRACE CarsDBRepository 96 findAll - Exit with([Id=1 Dacia Sandero 2019, Id=2 Skoda Octavia 2020, Id=3 Tesla Model S 2019, Id=4 Tesla Model S 2019, Id=5 Tesla Model S 2019])
17 Mar 2025 23:53:05,415 TRACE CarsDBRepository 25 findByManufacturer - Tesla
17 Mar 2025 23:53:05,415 TRACE JdbcUtils 46 getConnection - Enter
17 Mar 2025 23:53:05,416 TRACE JdbcUtils 55 getConnection - Exit with(org.sqlite.jdbc4.JDBC4Connection@6dd7b5a3)
17 Mar 2025 23:53:05,416 TRACE CarsDBRepository 43 findByManufacturer - Exit
17 Mar 2025 23:55:13,148 INFO  CarsDBRepository 19 <init> - Initializing CarsDBRepository with properties: {jdbc.user=test, jdbc.url=jdbc:sqlite:C:/FACC/ANUL2/SEM2/MPP/teme-lab-BucurVic/cars.db, jdbc.pass=test} 
17 Mar 2025 23:55:13,164 TRACE CarsDBRepository 55 add - Enter saving task Id=0 Tesla Model S 2019
17 Mar 2025 23:55:13,165 TRACE JdbcUtils 46 getConnection - Enter
17 Mar 2025 23:55:13,165 TRACE JdbcUtils 23 getNewConnection - Enter
17 Mar 2025 23:55:13,165 INFO  JdbcUtils 28 getNewConnection - trying to connect to database ... jdbc:sqlite:C:/FACC/ANUL2/SEM2/MPP/teme-lab-BucurVic/cars.db
17 Mar 2025 23:55:13,166 INFO  JdbcUtils 29 getNewConnection - user: test
17 Mar 2025 23:55:13,166 INFO  JdbcUtils 30 getNewConnection - pass: test
17 Mar 2025 23:55:13,485 TRACE JdbcUtils 55 getConnection - Exit with(org.sqlite.jdbc4.JDBC4Connection@2205a05d)
17 Mar 2025 23:55:13,493 TRACE CarsDBRepository 62 add - Saved 1 instances
17 Mar 2025 23:55:13,493 TRACE CarsDBRepository 67 add - Exit
17 Mar 2025 23:55:13,494 TRACE CarsDBRepository 77 findAll - Enter
17 Mar 2025 23:55:13,494 TRACE JdbcUtils 46 getConnection - Enter
17 Mar 2025 23:55:13,494 TRACE JdbcUtils 55 getConnection - Exit with(org.sqlite.jdbc4.JDBC4Connection@2205a05d)
17 Mar 2025 23:55:13,499 TRACE CarsDBRepository 96 findAll - Exit with([Id=1 Dacia Sandero 2019, Id=2 Skoda Octavia 2020, Id=3 Tesla Model S 2019, Id=4 Tesla Model S 2019, Id=5 Tesla Model S 2019, Id=6 Tesla Model S 2019])
17 Mar 2025 23:55:13,500 TRACE CarsDBRepository 25 findByManufacturer - Tesla
17 Mar 2025 23:55:13,501 TRACE JdbcUtils 46 getConnection - Enter
17 Mar 2025 23:55:13,501 TRACE JdbcUtils 55 getConnection - Exit with(org.sqlite.jdbc4.JDBC4Connection@2205a05d)
17 Mar 2025 23:55:13,501 TRACE CarsDBRepository 43 findByManufacturer - Exit
18 Mar 2025 01:28:54,858 INFO  CarsDBRepository 19 <init> - Initializing CarsDBRepository with properties: {jdbc.user=test, jdbc.url=jdbc:sqlite:C:/FACC/ANUL2/SEM2/MPP/teme-lab-BucurVic/cars.db, jdbc.pass=test} 
18 Mar 2025 01:28:54,872 TRACE CarsDBRepository 55 add - Enter saving task Id=0 Tesla Model S 2019
18 Mar 2025 01:28:54,873 TRACE JdbcUtils 46 getConnection - Enter
18 Mar 2025 01:28:54,873 TRACE JdbcUtils 23 getNewConnection - Enter
18 Mar 2025 01:28:54,873 INFO  JdbcUtils 28 getNewConnection - trying to connect to database ... jdbc:sqlite:C:/FACC/ANUL2/SEM2/MPP/teme-lab-BucurVic/cars.db
18 Mar 2025 01:28:54,874 INFO  JdbcUtils 29 getNewConnection - user: test
18 Mar 2025 01:28:54,874 INFO  JdbcUtils 30 getNewConnection - pass: test
18 Mar 2025 01:28:55,233 TRACE JdbcUtils 55 getConnection - Exit with(org.sqlite.jdbc4.JDBC4Connection@2205a05d)
18 Mar 2025 01:28:55,240 TRACE CarsDBRepository 62 add - Saved 1 instances
18 Mar 2025 01:28:55,241 TRACE CarsDBRepository 67 add - Exit
18 Mar 2025 01:28:55,242 TRACE CarsDBRepository 77 findAll - Enter
18 Mar 2025 01:28:55,243 TRACE JdbcUtils 46 getConnection - Enter
18 Mar 2025 01:28:55,243 TRACE JdbcUtils 55 getConnection - Exit with(org.sqlite.jdbc4.JDBC4Connection@2205a05d)
18 Mar 2025 01:28:55,248 TRACE CarsDBRepository 96 findAll - Exit with([Id=1 Dacia Sandero 2019, Id=2 Skoda Octavia 2020, Id=3 Tesla Model S 2019, Id=4 Tesla Model S 2019, Id=5 Tesla Model S 2019, Id=6 Tesla Model S 2019, Id=7 Tesla Model S 2019])
18 Mar 2025 01:28:55,250 TRACE CarsDBRepository 25 findByManufacturer - Tesla
18 Mar 2025 01:28:55,250 TRACE JdbcUtils 46 getConnection - Enter
18 Mar 2025 01:28:55,250 TRACE JdbcUtils 55 getConnection - Exit with(org.sqlite.jdbc4.JDBC4Connection@2205a05d)
18 Mar 2025 01:28:55,251 TRACE CarsDBRepository 43 findByManufacturer - Exit
18 Mar 2025 01:29:19,853 INFO  CarsDBRepository 19 <init> - Initializing CarsDBRepository with properties: {jdbc.user=test, jdbc.url=jdbc:sqlite:C:/FACC/ANUL2/SEM2/MPP/teme-lab-BucurVic/cars.db, jdbc.pass=test} 
18 Mar 2025 01:29:19,867 TRACE CarsDBRepository 55 add - Enter saving task Id=0 Tesla Model S 2019
18 Mar 2025 01:29:19,867 TRACE JdbcUtils 46 getConnection - Enter
18 Mar 2025 01:29:19,867 TRACE JdbcUtils 23 getNewConnection - Enter
18 Mar 2025 01:29:19,868 INFO  JdbcUtils 28 getNewConnection - trying to connect to database ... jdbc:sqlite:C:/FACC/ANUL2/SEM2/MPP/teme-lab-BucurVic/cars.db
18 Mar 2025 01:29:19,868 INFO  JdbcUtils 29 getNewConnection - user: test
18 Mar 2025 01:29:19,868 INFO  JdbcUtils 30 getNewConnection - pass: test
18 Mar 2025 01:29:20,215 TRACE JdbcUtils 55 getConnection - Exit with(org.sqlite.jdbc4.JDBC4Connection@2205a05d)
18 Mar 2025 01:29:20,223 TRACE CarsDBRepository 62 add - Saved 1 instances
18 Mar 2025 01:29:20,223 TRACE CarsDBRepository 67 add - Exit
18 Mar 2025 01:29:20,224 TRACE CarsDBRepository 77 findAll - Enter
18 Mar 2025 01:29:20,224 TRACE JdbcUtils 46 getConnection - Enter
18 Mar 2025 01:29:20,225 TRACE JdbcUtils 55 getConnection - Exit with(org.sqlite.jdbc4.JDBC4Connection@2205a05d)
18 Mar 2025 01:29:20,229 TRACE CarsDBRepository 96 findAll - Exit with([Id=1 Dacia Sandero 2019, Id=2 Skoda Octavia 2020, Id=3 Tesla Model S 2019, Id=4 Tesla Model S 2019, Id=5 Tesla Model S 2019, Id=6 Tesla Model S 2019, Id=7 Tesla Model S 2019, Id=8 Tesla Model S 2019])
18 Mar 2025 01:29:20,232 TRACE CarsDBRepository 25 findByManufacturer - Tesla
18 Mar 2025 01:29:20,232 TRACE JdbcUtils 46 getConnection - Enter
18 Mar 2025 01:29:20,233 TRACE JdbcUtils 55 getConnection - Exit with(org.sqlite.jdbc4.JDBC4Connection@2205a05d)
18 Mar 2025 01:29:20,234 TRACE CarsDBRepository 43 findByManufacturer - Exit
18 Mar 2025 01:38:28,935 INFO  CarsDBRepository 19 <init> - Initializing CarsDBRepository with properties: {jdbc.user=test, jdbc.url=jdbc:sqlite:C:/FACC/ANUL2/SEM2/MPP/teme-lab-BucurVic/cars.db, jdbc.pass=test} 
18 Mar 2025 01:38:28,949 TRACE CarsDBRepository 55 add - Enter saving task Id=0 Tesla Model S 2019
18 Mar 2025 01:38:28,949 TRACE JdbcUtils 46 getConnection - Enter
18 Mar 2025 01:38:28,949 TRACE JdbcUtils 23 getNewConnection - Enter
18 Mar 2025 01:38:28,950 INFO  JdbcUtils 28 getNewConnection - trying to connect to database ... jdbc:sqlite:C:/FACC/ANUL2/SEM2/MPP/teme-lab-BucurVic/cars.db
18 Mar 2025 01:38:28,950 INFO  JdbcUtils 29 getNewConnection - user: test
18 Mar 2025 01:38:28,950 INFO  JdbcUtils 30 getNewConnection - pass: test
18 Mar 2025 01:38:29,311 TRACE JdbcUtils 55 getConnection - Exit with(org.sqlite.jdbc4.JDBC4Connection@2205a05d)
18 Mar 2025 01:38:29,318 TRACE CarsDBRepository 62 add - Saved 1 instances
18 Mar 2025 01:38:29,318 TRACE CarsDBRepository 67 add - Exit
18 Mar 2025 01:38:29,318 TRACE CarsDBRepository 77 findAll - Enter
18 Mar 2025 01:38:29,319 TRACE JdbcUtils 46 getConnection - Enter
18 Mar 2025 01:38:29,319 TRACE JdbcUtils 55 getConnection - Exit with(org.sqlite.jdbc4.JDBC4Connection@2205a05d)
18 Mar 2025 01:38:29,323 TRACE CarsDBRepository 96 findAll - Exit with([Id=1 Dacia Sandero 2019, Id=2 Skoda Octavia 2020, Id=3 Tesla Model S 2019, Id=4 Tesla Model S 2019, Id=5 Tesla Model S 2019, Id=6 Tesla Model S 2019, Id=7 Tesla Model S 2019, Id=8 Tesla Model S 2019, Id=9 Tesla Model S 2019])
18 Mar 2025 01:38:29,324 TRACE CarsDBRepository 25 findByManufacturer - Tesla
18 Mar 2025 01:38:29,325 TRACE JdbcUtils 46 getConnection - Enter
18 Mar 2025 01:38:29,325 TRACE JdbcUtils 55 getConnection - Exit with(org.sqlite.jdbc4.JDBC4Connection@2205a05d)
18 Mar 2025 01:38:29,326 TRACE CarsDBRepository 43 findByManufacturer - Exit
